{
"contracts/NFTDutchAuction.sol":{"l":{"33":27,"34":27,"35":27,"36":27,"37":27,"38":27,"39":27,"40":27,"41":27,"42":27,"43":27,"44":27,"48":6,"49":6,"50":5,"51":4,"53":3,"54":2,"55":2,"56":2,"57":2,"58":2,"59":2,"61":1,"62":1,"66":8,"67":2,"69":6,"70":6,"76":2,"78":1,"79":1,"80":1,"84":3},"path":"/Users/yy/Documents/GitHub/INFO7500/v2.0/contracts/NFTDutchAuction.sol","s":{"1":6,"2":6,"3":5,"4":4,"5":3,"6":2,"7":2,"8":1,"9":8,"10":2,"11":6,"12":6,"13":2,"14":1,"15":1,"16":3},"b":{"1":[5,1],"2":[4,1],"3":[3,1],"4":[2,1],"5":[2,6],"6":[1,1]},"f":{"1":27,"2":6,"3":8,"4":2,"5":3},"fnMap":{"1":{"name":"constructor","line":32,"loc":{"start":{"line":27,"column":4},"end":{"line":45,"column":4}}},"2":{"name":"bid","line":47,"loc":{"start":{"line":47,"column":4},"end":{"line":63,"column":4}}},"3":{"name":"getCurrentPrice","line":65,"loc":{"start":{"line":65,"column":4},"end":{"line":72,"column":4}}},"4":{"name":"claimRefund","line":74,"loc":{"start":{"line":74,"column":4},"end":{"line":81,"column":4}}},"5":{"name":"getBalanceOf","line":83,"loc":{"start":{"line":83,"column":4},"end":{"line":85,"column":4}}}},"statementMap":{"1":{"start":{"line":48,"column":8},"end":{"line":48,"column":48}},"2":{"start":{"line":49,"column":8},"end":{"line":49,"column":53}},"3":{"start":{"line":50,"column":8},"end":{"line":50,"column":66}},"4":{"start":{"line":51,"column":8},"end":{"line":51,"column":83}},"5":{"start":{"line":53,"column":8},"end":{"line":53,"column":1893}},"6":{"start":{"line":58,"column":12},"end":{"line":58,"column":36}},"7":{"start":{"line":59,"column":12},"end":{"line":59,"column":23}},"8":{"start":{"line":62,"column":8},"end":{"line":62,"column":20}},"9":{"start":{"line":66,"column":8},"end":{"line":66,"column":2276}},"10":{"start":{"line":67,"column":12},"end":{"line":67,"column":20}},"11":{"start":{"line":69,"column":12},"end":{"line":69,"column":67}},"12":{"start":{"line":70,"column":12},"end":{"line":70,"column":71}},"13":{"start":{"line":76,"column":8},"end":{"line":76,"column":59}},"14":{"start":{"line":78,"column":8},"end":{"line":78,"column":47}},"15":{"start":{"line":80,"column":8},"end":{"line":80,"column":49}},"16":{"start":{"line":84,"column":8},"end":{"line":84,"column":28}}},"branchMap":{"1":{"line":49,"type":"if","locations":[{"start":{"line":49,"column":8},"end":{"line":49,"column":8}},{"start":{"line":49,"column":8},"end":{"line":49,"column":8}}]},"2":{"line":50,"type":"if","locations":[{"start":{"line":50,"column":8},"end":{"line":50,"column":8}},{"start":{"line":50,"column":8},"end":{"line":50,"column":8}}]},"3":{"line":51,"type":"if","locations":[{"start":{"line":51,"column":8},"end":{"line":51,"column":8}},{"start":{"line":51,"column":8},"end":{"line":51,"column":8}}]},"4":{"line":53,"type":"if","locations":[{"start":{"line":53,"column":8},"end":{"line":53,"column":8}},{"start":{"line":53,"column":8},"end":{"line":53,"column":8}}]},"5":{"line":66,"type":"if","locations":[{"start":{"line":66,"column":8},"end":{"line":66,"column":8}},{"start":{"line":66,"column":8},"end":{"line":66,"column":8}}]},"6":{"line":76,"type":"if","locations":[{"start":{"line":76,"column":8},"end":{"line":76,"column":8}},{"start":{"line":76,"column":8},"end":{"line":76,"column":8}}]}}}}
