{
"contracts/BasicDutchAuction.sol":{"l":{"23":15,"24":15,"25":15,"26":15,"28":15,"29":15,"30":15,"31":15,"32":15,"33":15,"37":3,"38":3,"39":3,"40":3,"42":3,"43":2,"44":2,"45":2,"46":2,"50":2,"51":2,"53":1,"54":1,"55":1,"59":4,"60":1,"62":3,"63":3,"80":2,"82":1,"83":1,"84":1,"88":3},"path":"/Users/yy/Documents/GitHub/INFO7500/v1.0/contracts/BasicDutchAuction.sol","s":{"1":3,"2":3,"3":3,"4":3,"5":3,"6":2,"7":2,"8":1,"9":1,"10":4,"11":1,"12":3,"13":3,"14":2,"15":1,"16":1,"17":3},"b":{"1":[3,0],"2":[3,0],"3":[3,0],"4":[2,1],"5":[1,3],"6":[1,1]},"f":{"1":15,"2":3,"3":4,"4":2,"5":3},"fnMap":{"1":{"name":"constructor","line":22,"loc":{"start":{"line":22,"column":4},"end":{"line":34,"column":4}}},"2":{"name":"bid","line":36,"loc":{"start":{"line":36,"column":4},"end":{"line":56,"column":4}}},"3":{"name":"getCurrentPrice","line":58,"loc":{"start":{"line":58,"column":4},"end":{"line":65,"column":4}}},"4":{"name":"claimRefund","line":78,"loc":{"start":{"line":78,"column":4},"end":{"line":85,"column":4}}},"5":{"name":"balanceOf","line":87,"loc":{"start":{"line":87,"column":4},"end":{"line":89,"column":4}}}},"statementMap":{"1":{"start":{"line":37,"column":8},"end":{"line":37,"column":48}},"2":{"start":{"line":38,"column":8},"end":{"line":38,"column":53}},"3":{"start":{"line":39,"column":8},"end":{"line":39,"column":66}},"4":{"start":{"line":40,"column":8},"end":{"line":40,"column":83}},"5":{"start":{"line":42,"column":8},"end":{"line":42,"column":1454}},"6":{"start":{"line":50,"column":12},"end":{"line":50,"column":36}},"7":{"start":{"line":51,"column":12},"end":{"line":51,"column":23}},"8":{"start":{"line":53,"column":8},"end":{"line":53,"column":32}},"9":{"start":{"line":55,"column":8},"end":{"line":55,"column":20}},"10":{"start":{"line":59,"column":8},"end":{"line":59,"column":1952}},"11":{"start":{"line":60,"column":12},"end":{"line":60,"column":20}},"12":{"start":{"line":62,"column":12},"end":{"line":62,"column":67}},"13":{"start":{"line":63,"column":12},"end":{"line":63,"column":71}},"14":{"start":{"line":80,"column":8},"end":{"line":80,"column":59}},"15":{"start":{"line":82,"column":8},"end":{"line":82,"column":47}},"16":{"start":{"line":84,"column":8},"end":{"line":84,"column":49}},"17":{"start":{"line":88,"column":8},"end":{"line":88,"column":28}}},"branchMap":{"1":{"line":38,"type":"if","locations":[{"start":{"line":38,"column":8},"end":{"line":38,"column":8}},{"start":{"line":38,"column":8},"end":{"line":38,"column":8}}]},"2":{"line":39,"type":"if","locations":[{"start":{"line":39,"column":8},"end":{"line":39,"column":8}},{"start":{"line":39,"column":8},"end":{"line":39,"column":8}}]},"3":{"line":40,"type":"if","locations":[{"start":{"line":40,"column":8},"end":{"line":40,"column":8}},{"start":{"line":40,"column":8},"end":{"line":40,"column":8}}]},"4":{"line":42,"type":"if","locations":[{"start":{"line":42,"column":8},"end":{"line":42,"column":8}},{"start":{"line":42,"column":8},"end":{"line":42,"column":8}}]},"5":{"line":59,"type":"if","locations":[{"start":{"line":59,"column":8},"end":{"line":59,"column":8}},{"start":{"line":59,"column":8},"end":{"line":59,"column":8}}]},"6":{"line":80,"type":"if","locations":[{"start":{"line":80,"column":8},"end":{"line":80,"column":8}},{"start":{"line":80,"column":8},"end":{"line":80,"column":8}}]}}}}
