TN:
SF:/Users/yy/Documents/GitHub/INFO7500/v1.0/contracts/BasicDutchAuction.sol
FN:22,constructor
FN:36,bid
FN:54,getCurrentPrice
FN:63,claimRefund
FN:72,balanceOf
FNF:5
FNH:5
FNDA:21,constructor
FNDA:6,bid
FNDA:8,getCurrentPrice
FNDA:2,claimRefund
FNDA:3,balanceOf
DA:23,21
DA:24,21
DA:25,21
DA:26,21
DA:28,21
DA:29,21
DA:30,21
DA:31,21
DA:32,21
DA:33,21
DA:37,6
DA:38,6
DA:39,5
DA:40,4
DA:42,3
DA:43,2
DA:44,2
DA:45,2
DA:46,2
DA:47,2
DA:48,2
DA:50,1
DA:51,1
DA:55,8
DA:56,2
DA:58,6
DA:59,6
DA:65,2
DA:67,1
DA:68,1
DA:69,1
DA:73,3
LF:32
LH:32
BRDA:38,1,0,5
BRDA:38,1,1,1
BRDA:39,2,0,4
BRDA:39,2,1,1
BRDA:40,3,0,3
BRDA:40,3,1,1
BRDA:42,4,0,2
BRDA:42,4,1,1
BRDA:55,5,0,2
BRDA:55,5,1,6
BRDA:65,6,0,1
BRDA:65,6,1,1
BRF:12
BRH:12
end_of_record
