TN:
SF:/Users/yy/Documents/GitHub/INFO7500/v1.0/contracts/BasicDutchAuction.sol
FN:22,constructor
FN:36,bid
FN:58,getCurrentPrice
FN:78,claimRefund
FN:87,balanceOf
FNF:5
FNH:5
FNDA:15,constructor
FNDA:3,bid
FNDA:4,getCurrentPrice
FNDA:2,claimRefund
FNDA:3,balanceOf
DA:23,15
DA:24,15
DA:25,15
DA:26,15
DA:28,15
DA:29,15
DA:30,15
DA:31,15
DA:32,15
DA:33,15
DA:37,3
DA:38,3
DA:39,3
DA:40,3
DA:42,3
DA:43,2
DA:44,2
DA:45,2
DA:46,2
DA:50,2
DA:51,2
DA:53,1
DA:54,1
DA:55,1
DA:59,4
DA:60,1
DA:62,3
DA:63,3
DA:80,2
DA:82,1
DA:83,1
DA:84,1
DA:88,3
LF:33
LH:33
BRDA:38,1,0,3
BRDA:38,1,1,0
BRDA:39,2,0,3
BRDA:39,2,1,0
BRDA:40,3,0,3
BRDA:40,3,1,0
BRDA:42,4,0,2
BRDA:42,4,1,1
BRDA:59,5,0,1
BRDA:59,5,1,3
BRDA:80,6,0,1
BRDA:80,6,1,1
BRF:12
BRH:9
end_of_record
