{
"contracts/NFT.sol":{"l":{},"path":"/Users/yy/Documents/GitHub/INFO7500/v5.0/contracts/NFT.sol","s":{},"b":{},"f":{"1":33},"fnMap":{"1":{"name":"constructor","line":8,"loc":{"start":{"line":8,"column":4},"end":{"line":8,"column":99}}}},"statementMap":{},"branchMap":{}},
"contracts/NFTDutchAuction_ERC20Bids.sol":{"l":{"43":33,"44":33,"45":33,"46":33,"47":33,"48":33,"49":33,"50":33,"51":33,"52":33,"53":33,"54":33,"55":33,"56":33,"57":33,"58":33,"62":6,"63":6,"64":5,"65":4,"66":3,"67":3,"68":3,"69":3,"70":3,"71":3,"72":3,"73":3,"85":8,"86":2,"88":6,"89":6,"95":2,"97":1,"98":1,"99":1,"103":1},"path":"/Users/yy/Documents/GitHub/INFO7500/v5.0/contracts/NFTDutchAuction_ERC20Bids.sol","s":{"1":33,"2":33,"3":6,"4":6,"5":5,"6":4,"7":3,"8":3,"9":3,"10":8,"11":2,"12":6,"13":6,"14":2,"15":1,"16":1,"17":1},"b":{"1":[33,0],"2":[5,1],"3":[4,1],"4":[3,1],"5":[3,0],"6":[2,6],"7":[1,1],"8":[0,0]},"f":{"1":33,"2":6,"3":8,"4":2,"5":1,"6":0},"fnMap":{"1":{"name":"initialize","line":42,"loc":{"start":{"line":34,"column":4},"end":{"line":59,"column":4}}},"2":{"name":"bid","line":61,"loc":{"start":{"line":61,"column":4},"end":{"line":82,"column":4}}},"3":{"name":"getCurrentPrice","line":84,"loc":{"start":{"line":84,"column":4},"end":{"line":91,"column":4}}},"4":{"name":"claimRefund","line":93,"loc":{"start":{"line":93,"column":4},"end":{"line":100,"column":4}}},"5":{"name":"getBalanceOf","line":102,"loc":{"start":{"line":102,"column":4},"end":{"line":104,"column":4}}},"6":{"name":"_authorizeUpgrade","line":106,"loc":{"start":{"line":106,"column":4},"end":{"line":106,"column":87}}}},"statementMap":{"1":{"start":{"line":43,"column":8},"end":{"line":43,"column":23}},"2":{"start":{"line":44,"column":8},"end":{"line":44,"column":31}},"3":{"start":{"line":62,"column":8},"end":{"line":62,"column":48}},"4":{"start":{"line":63,"column":8},"end":{"line":63,"column":53}},"5":{"start":{"line":64,"column":8},"end":{"line":64,"column":63}},"6":{"start":{"line":65,"column":8},"end":{"line":65,"column":80}},"7":{"start":{"line":66,"column":8},"end":{"line":66,"column":2681}},"8":{"start":{"line":71,"column":12},"end":{"line":71,"column":79}},"9":{"start":{"line":73,"column":12},"end":{"line":73,"column":23}},"10":{"start":{"line":85,"column":8},"end":{"line":85,"column":3362}},"11":{"start":{"line":86,"column":12},"end":{"line":86,"column":20}},"12":{"start":{"line":88,"column":12},"end":{"line":88,"column":67}},"13":{"start":{"line":89,"column":12},"end":{"line":89,"column":71}},"14":{"start":{"line":95,"column":8},"end":{"line":95,"column":59}},"15":{"start":{"line":97,"column":8},"end":{"line":97,"column":47}},"16":{"start":{"line":99,"column":8},"end":{"line":99,"column":79}},"17":{"start":{"line":103,"column":8},"end":{"line":103,"column":28}}},"branchMap":{"1":{"line":42,"type":"if","locations":[{"start":{"line":42,"column":15},"end":{"line":42,"column":15}},{"start":{"line":42,"column":15},"end":{"line":42,"column":15}}]},"2":{"line":63,"type":"if","locations":[{"start":{"line":63,"column":8},"end":{"line":63,"column":8}},{"start":{"line":63,"column":8},"end":{"line":63,"column":8}}]},"3":{"line":64,"type":"if","locations":[{"start":{"line":64,"column":8},"end":{"line":64,"column":8}},{"start":{"line":64,"column":8},"end":{"line":64,"column":8}}]},"4":{"line":65,"type":"if","locations":[{"start":{"line":65,"column":8},"end":{"line":65,"column":8}},{"start":{"line":65,"column":8},"end":{"line":65,"column":8}}]},"5":{"line":66,"type":"if","locations":[{"start":{"line":66,"column":8},"end":{"line":66,"column":8}},{"start":{"line":66,"column":8},"end":{"line":66,"column":8}}]},"6":{"line":85,"type":"if","locations":[{"start":{"line":85,"column":8},"end":{"line":85,"column":8}},{"start":{"line":85,"column":8},"end":{"line":85,"column":8}}]},"7":{"line":95,"type":"if","locations":[{"start":{"line":95,"column":8},"end":{"line":95,"column":8}},{"start":{"line":95,"column":8},"end":{"line":95,"column":8}}]},"8":{"line":106,"type":"if","locations":[{"start":{"line":106,"column":67},"end":{"line":106,"column":67}},{"start":{"line":106,"column":67},"end":{"line":106,"column":67}}]}}},
"contracts/YYToken.sol":{"l":{"10":33},"path":"/Users/yy/Documents/GitHub/INFO7500/v5.0/contracts/YYToken.sol","s":{"1":33},"b":{},"f":{"1":33},"fnMap":{"1":{"name":"constructor","line":9,"loc":{"start":{"line":9,"column":4},"end":{"line":11,"column":4}}}},"statementMap":{"1":{"start":{"line":10,"column":8},"end":{"line":10,"column":39}}},"branchMap":{}}}
