TN:
SF:/Users/yy/Documents/GitHub/INFO7500/v5.0/contracts/NFT.sol
FN:8,constructor
FNF:1
FNH:1
FNDA:33,constructor
LF:0
LH:0
BRF:0
BRH:0
end_of_record
TN:
SF:/Users/yy/Documents/GitHub/INFO7500/v5.0/contracts/NFTDutchAuction_ERC20Bids.sol
FN:42,initialize
FN:61,bid
FN:84,getCurrentPrice
FN:93,claimRefund
FN:102,getBalanceOf
FN:106,_authorizeUpgrade
FNF:6
FNH:5
FNDA:33,initialize
FNDA:6,bid
FNDA:8,getCurrentPrice
FNDA:2,claimRefund
FNDA:1,getBalanceOf
FNDA:0,_authorizeUpgrade
DA:43,33
DA:44,33
DA:45,33
DA:46,33
DA:47,33
DA:48,33
DA:49,33
DA:50,33
DA:51,33
DA:52,33
DA:53,33
DA:54,33
DA:55,33
DA:56,33
DA:57,33
DA:58,33
DA:62,6
DA:63,6
DA:64,5
DA:65,4
DA:66,3
DA:67,3
DA:68,3
DA:69,3
DA:70,3
DA:71,3
DA:72,3
DA:73,3
DA:85,8
DA:86,2
DA:88,6
DA:89,6
DA:95,2
DA:97,1
DA:98,1
DA:99,1
DA:103,1
LF:37
LH:37
BRDA:42,1,0,33
BRDA:42,1,1,0
BRDA:63,2,0,5
BRDA:63,2,1,1
BRDA:64,3,0,4
BRDA:64,3,1,1
BRDA:65,4,0,3
BRDA:65,4,1,1
BRDA:66,5,0,3
BRDA:66,5,1,0
BRDA:85,6,0,2
BRDA:85,6,1,6
BRDA:95,7,0,1
BRDA:95,7,1,1
BRDA:106,8,0,0
BRDA:106,8,1,0
BRF:16
BRH:12
end_of_record
TN:
SF:/Users/yy/Documents/GitHub/INFO7500/v5.0/contracts/YYToken.sol
FN:9,constructor
FNF:1
FNH:1
FNDA:33,constructor
DA:10,33
LF:1
LH:1
BRF:0
BRH:0
end_of_record
