{"contracts/BasicDutchAuction.sol":{"l":{"23":21,"24":21,"25":21,"26":21,"28":21,"29":21,"30":21,"31":21,"32":21,"33":21,"37":6,"38":6,"39":5,"40":4,"42":3,"43":2,"44":2,"45":2,"46":2,"47":2,"48":2,"50":1,"51":1,"55":8,"56":2,"58":6,"59":6,"65":2,"67":1,"68":1,"69":1,"73":3},"path":"/Users/yy/Documents/GitHub/INFO7500/v1.0/contracts/BasicDutchAuction.sol","s":{"1":6,"2":6,"3":5,"4":4,"5":3,"6":2,"7":2,"8":1,"9":8,"10":2,"11":6,"12":6,"13":2,"14":1,"15":1,"16":3},"b":{"1":[5,1],"2":[4,1],"3":[3,1],"4":[2,1],"5":[2,6],"6":[1,1]},"f":{"1":21,"2":6,"3":8,"4":2,"5":3},"fnMap":{"1":{"name":"constructor","line":22,"loc":{"start":{"line":22,"column":4},"end":{"line":34,"column":4}}},"2":{"name":"bid","line":36,"loc":{"start":{"line":36,"column":4},"end":{"line":52,"column":4}}},"3":{"name":"getCurrentPrice","line":54,"loc":{"start":{"line":54,"column":4},"end":{"line":61,"column":4}}},"4":{"name":"claimRefund","line":63,"loc":{"start":{"line":63,"column":4},"end":{"line":70,"column":4}}},"5":{"name":"balanceOf","line":72,"loc":{"start":{"line":72,"column":4},"end":{"line":74,"column":4}}}},"statementMap":{"1":{"start":{"line":37,"column":8},"end":{"line":37,"column":48}},"2":{"start":{"line":38,"column":8},"end":{"line":38,"column":53}},"3":{"start":{"line":39,"column":8},"end":{"line":39,"column":66}},"4":{"start":{"line":40,"column":8},"end":{"line":40,"column":83}},"5":{"start":{"line":42,"column":8},"end":{"line":42,"column":1454}},"6":{"start":{"line":47,"column":12},"end":{"line":47,"column":36}},"7":{"start":{"line":48,"column":12},"end":{"line":48,"column":23}},"8":{"start":{"line":51,"column":8},"end":{"line":51,"column":20}},"9":{"start":{"line":55,"column":8},"end":{"line":55,"column":1837}},"10":{"start":{"line":56,"column":12},"end":{"line":56,"column":20}},"11":{"start":{"line":58,"column":12},"end":{"line":58,"column":67}},"12":{"start":{"line":59,"column":12},"end":{"line":59,"column":71}},"13":{"start":{"line":65,"column":8},"end":{"line":65,"column":59}},"14":{"start":{"line":67,"column":8},"end":{"line":67,"column":47}},"15":{"start":{"line":69,"column":8},"end":{"line":69,"column":49}},"16":{"start":{"line":73,"column":8},"end":{"line":73,"column":28}}},"branchMap":{"1":{"line":38,"type":"if","locations":[{"start":{"line":38,"column":8},"end":{"line":38,"column":8}},{"start":{"line":38,"column":8},"end":{"line":38,"column":8}}]},"2":{"line":39,"type":"if","locations":[{"start":{"line":39,"column":8},"end":{"line":39,"column":8}},{"start":{"line":39,"column":8},"end":{"line":39,"column":8}}]},"3":{"line":40,"type":"if","locations":[{"start":{"line":40,"column":8},"end":{"line":40,"column":8}},{"start":{"line":40,"column":8},"end":{"line":40,"column":8}}]},"4":{"line":42,"type":"if","locations":[{"start":{"line":42,"column":8},"end":{"line":42,"column":8}},{"start":{"line":42,"column":8},"end":{"line":42,"column":8}}]},"5":{"line":55,"type":"if","locations":[{"start":{"line":55,"column":8},"end":{"line":55,"column":8}},{"start":{"line":55,"column":8},"end":{"line":55,"column":8}}]},"6":{"line":65,"type":"if","locations":[{"start":{"line":65,"column":8},"end":{"line":65,"column":8}},{"start":{"line":65,"column":8},"end":{"line":65,"column":8}}]}}}}