{"contracts/NFTDutchAuction_ERC20Bids.sol":{"l":{"36":30,"37":30,"38":30,"39":30,"40":30,"41":30,"42":30,"43":30,"44":30,"45":30,"46":30,"47":30,"48":30,"52":6,"53":6,"54":5,"55":4,"57":3,"58":2,"59":2,"60":2,"61":2,"62":2,"63":2,"65":1,"66":1,"67":1,"71":8,"72":2,"74":6,"75":6,"80":2,"82":1,"83":1,"84":1,"85":1,"86":1,"90":1},"path":"/Users/yy/Documents/GitHub/INFO7500/v4.0/contracts/NFTDutchAuction_ERC20Bids.sol","s":{"1":6,"2":6,"3":5,"4":4,"5":3,"6":2,"7":2,"8":1,"9":1,"10":8,"11":2,"12":6,"13":6,"14":2,"15":1,"16":1,"17":1,"18":1,"19":1},"b":{"1":[5,1],"2":[4,1],"3":[3,1],"4":[2,1],"5":[2,6],"6":[1,1]},"f":{"1":30,"2":6,"3":8,"4":2,"5":1},"fnMap":{"1":{"name":"constructor","line":35,"loc":{"start":{"line":28,"column":4},"end":{"line":49,"column":4}}},"2":{"name":"bid","line":51,"loc":{"start":{"line":51,"column":4},"end":{"line":68,"column":4}}},"3":{"name":"getCurrentPrice","line":70,"loc":{"start":{"line":70,"column":4},"end":{"line":77,"column":4}}},"4":{"name":"claimRefund","line":79,"loc":{"start":{"line":79,"column":4},"end":{"line":88,"column":4}}},"5":{"name":"getBalanceOf","line":89,"loc":{"start":{"line":89,"column":4},"end":{"line":91,"column":4}}}},"statementMap":{"1":{"start":{"line":52,"column":8},"end":{"line":52,"column":48}},"2":{"start":{"line":53,"column":8},"end":{"line":53,"column":53}},"3":{"start":{"line":54,"column":8},"end":{"line":54,"column":63}},"4":{"start":{"line":55,"column":8},"end":{"line":55,"column":80}},"5":{"start":{"line":57,"column":8},"end":{"line":57,"column":2085}},"6":{"start":{"line":62,"column":12},"end":{"line":62,"column":79}},"7":{"start":{"line":63,"column":12},"end":{"line":63,"column":23}},"8":{"start":{"line":66,"column":8},"end":{"line":66,"column":73}},"9":{"start":{"line":67,"column":8},"end":{"line":67,"column":20}},"10":{"start":{"line":71,"column":8},"end":{"line":71,"column":2582}},"11":{"start":{"line":72,"column":12},"end":{"line":72,"column":20}},"12":{"start":{"line":74,"column":12},"end":{"line":74,"column":67}},"13":{"start":{"line":75,"column":12},"end":{"line":75,"column":71}},"14":{"start":{"line":80,"column":8},"end":{"line":80,"column":59}},"15":{"start":{"line":82,"column":8},"end":{"line":82,"column":47}},"16":{"start":{"line":84,"column":8},"end":{"line":84,"column":36}},"17":{"start":{"line":85,"column":8},"end":{"line":85,"column":32}},"18":{"start":{"line":86,"column":8},"end":{"line":86,"column":79}},"19":{"start":{"line":90,"column":8},"end":{"line":90,"column":28}}},"branchMap":{"1":{"line":53,"type":"if","locations":[{"start":{"line":53,"column":8},"end":{"line":53,"column":8}},{"start":{"line":53,"column":8},"end":{"line":53,"column":8}}]},"2":{"line":54,"type":"if","locations":[{"start":{"line":54,"column":8},"end":{"line":54,"column":8}},{"start":{"line":54,"column":8},"end":{"line":54,"column":8}}]},"3":{"line":55,"type":"if","locations":[{"start":{"line":55,"column":8},"end":{"line":55,"column":8}},{"start":{"line":55,"column":8},"end":{"line":55,"column":8}}]},"4":{"line":57,"type":"if","locations":[{"start":{"line":57,"column":8},"end":{"line":57,"column":8}},{"start":{"line":57,"column":8},"end":{"line":57,"column":8}}]},"5":{"line":71,"type":"if","locations":[{"start":{"line":71,"column":8},"end":{"line":71,"column":8}},{"start":{"line":71,"column":8},"end":{"line":71,"column":8}}]},"6":{"line":80,"type":"if","locations":[{"start":{"line":80,"column":8},"end":{"line":80,"column":8}},{"start":{"line":80,"column":8},"end":{"line":80,"column":8}}]}}},"contracts/YYToken.sol":{"l":{"9":30},"path":"/Users/yy/Documents/GitHub/INFO7500/v4.0/contracts/YYToken.sol","s":{"1":30},"b":{},"f":{"1":30},"fnMap":{"1":{"name":"constructor","line":8,"loc":{"start":{"line":8,"column":4},"end":{"line":10,"column":4}}}},"statementMap":{"1":{"start":{"line":9,"column":8},"end":{"line":9,"column":39}}},"branchMap":{}}}