{"contracts/NFT.sol":{"l":{},"path":"/Users/yy/Documents/GitHub/INFO7500/v4.0/contracts/NFT.sol","s":{},"b":{},"f":{"1":30},"fnMap":{"1":{"name":"constructor","line":8,"loc":{"start":{"line":8,"column":4},"end":{"line":8,"column":99}}}},"statementMap":{},"branchMap":{}},"contracts/NFTDutchAuction_ERC20Bids.sol":{"l":{"41":30,"42":30,"43":30,"44":30,"45":30,"46":30,"47":30,"48":30,"49":30,"50":30,"51":30,"52":30,"53":30,"54":30,"55":30,"59":6,"60":6,"61":5,"62":4,"64":3,"65":2,"66":2,"67":2,"68":2,"69":2,"70":2,"72":1,"73":1,"74":1,"78":8,"79":2,"81":6,"82":6,"88":2,"90":1,"91":1,"92":1,"96":1},"path":"/Users/yy/Documents/GitHub/INFO7500/v4.0/contracts/NFTDutchAuction_ERC20Bids.sol","s":{"1":30,"2":30,"3":6,"4":6,"5":5,"6":4,"7":3,"8":2,"9":2,"10":1,"11":1,"12":8,"13":2,"14":6,"15":6,"16":2,"17":1,"18":1,"19":1},"b":{"1":[30,0],"2":[5,1],"3":[4,1],"4":[3,1],"5":[2,1],"6":[2,6],"7":[1,1],"8":[0,0]},"f":{"1":30,"2":6,"3":8,"4":2,"5":1,"6":0},"fnMap":{"1":{"name":"initialize","line":40,"loc":{"start":{"line":32,"column":4},"end":{"line":56,"column":4}}},"2":{"name":"bid","line":58,"loc":{"start":{"line":58,"column":4},"end":{"line":75,"column":4}}},"3":{"name":"getCurrentPrice","line":77,"loc":{"start":{"line":77,"column":4},"end":{"line":84,"column":4}}},"4":{"name":"claimRefund","line":86,"loc":{"start":{"line":86,"column":4},"end":{"line":93,"column":4}}},"5":{"name":"getBalanceOf","line":95,"loc":{"start":{"line":95,"column":4},"end":{"line":97,"column":4}}},"6":{"name":"_authorizeUpgrade","line":99,"loc":{"start":{"line":99,"column":4},"end":{"line":99,"column":87}}}},"statementMap":{"1":{"start":{"line":41,"column":8},"end":{"line":41,"column":23}},"2":{"start":{"line":42,"column":8},"end":{"line":42,"column":31}},"3":{"start":{"line":59,"column":8},"end":{"line":59,"column":48}},"4":{"start":{"line":60,"column":8},"end":{"line":60,"column":53}},"5":{"start":{"line":61,"column":8},"end":{"line":61,"column":63}},"6":{"start":{"line":62,"column":8},"end":{"line":62,"column":80}},"7":{"start":{"line":64,"column":8},"end":{"line":64,"column":2442}},"8":{"start":{"line":69,"column":12},"end":{"line":69,"column":79}},"9":{"start":{"line":70,"column":12},"end":{"line":70,"column":23}},"10":{"start":{"line":73,"column":8},"end":{"line":73,"column":73}},"11":{"start":{"line":74,"column":8},"end":{"line":74,"column":20}},"12":{"start":{"line":78,"column":8},"end":{"line":78,"column":2939}},"13":{"start":{"line":79,"column":12},"end":{"line":79,"column":20}},"14":{"start":{"line":81,"column":12},"end":{"line":81,"column":67}},"15":{"start":{"line":82,"column":12},"end":{"line":82,"column":71}},"16":{"start":{"line":88,"column":8},"end":{"line":88,"column":59}},"17":{"start":{"line":90,"column":8},"end":{"line":90,"column":47}},"18":{"start":{"line":92,"column":8},"end":{"line":92,"column":79}},"19":{"start":{"line":96,"column":8},"end":{"line":96,"column":28}}},"branchMap":{"1":{"line":40,"type":"if","locations":[{"start":{"line":40,"column":15},"end":{"line":40,"column":15}},{"start":{"line":40,"column":15},"end":{"line":40,"column":15}}]},"2":{"line":60,"type":"if","locations":[{"start":{"line":60,"column":8},"end":{"line":60,"column":8}},{"start":{"line":60,"column":8},"end":{"line":60,"column":8}}]},"3":{"line":61,"type":"if","locations":[{"start":{"line":61,"column":8},"end":{"line":61,"column":8}},{"start":{"line":61,"column":8},"end":{"line":61,"column":8}}]},"4":{"line":62,"type":"if","locations":[{"start":{"line":62,"column":8},"end":{"line":62,"column":8}},{"start":{"line":62,"column":8},"end":{"line":62,"column":8}}]},"5":{"line":64,"type":"if","locations":[{"start":{"line":64,"column":8},"end":{"line":64,"column":8}},{"start":{"line":64,"column":8},"end":{"line":64,"column":8}}]},"6":{"line":78,"type":"if","locations":[{"start":{"line":78,"column":8},"end":{"line":78,"column":8}},{"start":{"line":78,"column":8},"end":{"line":78,"column":8}}]},"7":{"line":88,"type":"if","locations":[{"start":{"line":88,"column":8},"end":{"line":88,"column":8}},{"start":{"line":88,"column":8},"end":{"line":88,"column":8}}]},"8":{"line":99,"type":"if","locations":[{"start":{"line":99,"column":67},"end":{"line":99,"column":67}},{"start":{"line":99,"column":67},"end":{"line":99,"column":67}}]}}},"contracts/YYToken.sol":{"l":{"9":30},"path":"/Users/yy/Documents/GitHub/INFO7500/v4.0/contracts/YYToken.sol","s":{"1":30},"b":{},"f":{"1":30},"fnMap":{"1":{"name":"constructor","line":8,"loc":{"start":{"line":8,"column":4},"end":{"line":10,"column":4}}}},"statementMap":{"1":{"start":{"line":9,"column":8},"end":{"line":9,"column":39}}},"branchMap":{}}}