TN:
SF:/Users/yy/Documents/GitHub/INFO7500/v4.0/contracts/NFT.sol
FN:8,constructor
FNF:1
FNH:1
FNDA:30,constructor
LF:0
LH:0
BRF:0
BRH:0
end_of_record
TN:
SF:/Users/yy/Documents/GitHub/INFO7500/v4.0/contracts/NFTDutchAuction_ERC20Bids.sol
FN:40,initialize
FN:58,bid
FN:77,getCurrentPrice
FN:86,claimRefund
FN:95,getBalanceOf
FN:99,_authorizeUpgrade
FNF:6
FNH:5
FNDA:30,initialize
FNDA:6,bid
FNDA:8,getCurrentPrice
FNDA:2,claimRefund
FNDA:1,getBalanceOf
FNDA:0,_authorizeUpgrade
DA:41,30
DA:42,30
DA:43,30
DA:44,30
DA:45,30
DA:46,30
DA:47,30
DA:48,30
DA:49,30
DA:50,30
DA:51,30
DA:52,30
DA:53,30
DA:54,30
DA:55,30
DA:59,6
DA:60,6
DA:61,5
DA:62,4
DA:64,3
DA:65,2
DA:66,2
DA:67,2
DA:68,2
DA:69,2
DA:70,2
DA:72,1
DA:73,1
DA:74,1
DA:78,8
DA:79,2
DA:81,6
DA:82,6
DA:88,2
DA:90,1
DA:91,1
DA:92,1
DA:96,1
LF:38
LH:38
BRDA:40,1,0,30
BRDA:40,1,1,0
BRDA:60,2,0,5
BRDA:60,2,1,1
BRDA:61,3,0,4
BRDA:61,3,1,1
BRDA:62,4,0,3
BRDA:62,4,1,1
BRDA:64,5,0,2
BRDA:64,5,1,1
BRDA:78,6,0,2
BRDA:78,6,1,6
BRDA:88,7,0,1
BRDA:88,7,1,1
BRDA:99,8,0,0
BRDA:99,8,1,0
BRF:16
BRH:13
end_of_record
TN:
SF:/Users/yy/Documents/GitHub/INFO7500/v4.0/contracts/YYToken.sol
FN:8,constructor
FNF:1
FNH:1
FNDA:30,constructor
DA:9,30
LF:1
LH:1
BRF:0
BRH:0
end_of_record
