TN:
SF:/Users/yy/Documents/GitHub/INFO7500/v4.0/contracts/NFTDutchAuction_ERC20Bids.sol
FN:35,constructor
FN:51,bid
FN:70,getCurrentPrice
FN:79,claimRefund
FN:89,getBalanceOf
FNF:5
FNH:5
FNDA:30,constructor
FNDA:6,bid
FNDA:8,getCurrentPrice
FNDA:2,claimRefund
FNDA:1,getBalanceOf
DA:36,30
DA:37,30
DA:38,30
DA:39,30
DA:40,30
DA:41,30
DA:42,30
DA:43,30
DA:44,30
DA:45,30
DA:46,30
DA:47,30
DA:48,30
DA:52,6
DA:53,6
DA:54,5
DA:55,4
DA:57,3
DA:58,2
DA:59,2
DA:60,2
DA:61,2
DA:62,2
DA:63,2
DA:65,1
DA:66,1
DA:67,1
DA:71,8
DA:72,2
DA:74,6
DA:75,6
DA:80,2
DA:82,1
DA:83,1
DA:84,1
DA:85,1
DA:86,1
DA:90,1
LF:38
LH:38
BRDA:53,1,0,5
BRDA:53,1,1,1
BRDA:54,2,0,4
BRDA:54,2,1,1
BRDA:55,3,0,3
BRDA:55,3,1,1
BRDA:57,4,0,2
BRDA:57,4,1,1
BRDA:71,5,0,2
BRDA:71,5,1,6
BRDA:80,6,0,1
BRDA:80,6,1,1
BRF:12
BRH:12
end_of_record
TN:
SF:/Users/yy/Documents/GitHub/INFO7500/v4.0/contracts/YYToken.sol
FN:8,constructor
FNF:1
FNH:1
FNDA:30,constructor
DA:9,30
LF:1
LH:1
BRF:0
BRH:0
end_of_record
