TN:
SF:/Users/yy/Documents/GitHub/INFO7500/v2.0/contracts/NFTDutchAuction.sol
FN:32,constructor
FN:47,bid
FN:65,getCurrentPrice
FN:74,claimRefund
FN:83,getBalanceOf
FNF:5
FNH:5
FNDA:27,constructor
FNDA:6,bid
FNDA:8,getCurrentPrice
FNDA:2,claimRefund
FNDA:3,getBalanceOf
DA:33,27
DA:34,27
DA:35,27
DA:36,27
DA:37,27
DA:38,27
DA:39,27
DA:40,27
DA:41,27
DA:42,27
DA:43,27
DA:44,27
DA:48,6
DA:49,6
DA:50,5
DA:51,4
DA:53,3
DA:54,2
DA:55,2
DA:56,2
DA:57,2
DA:58,2
DA:59,2
DA:61,1
DA:62,1
DA:66,8
DA:67,2
DA:69,6
DA:70,6
DA:76,2
DA:78,1
DA:79,1
DA:80,1
DA:84,3
LF:34
LH:34
BRDA:49,1,0,5
BRDA:49,1,1,1
BRDA:50,2,0,4
BRDA:50,2,1,1
BRDA:51,3,0,3
BRDA:51,3,1,1
BRDA:53,4,0,2
BRDA:53,4,1,1
BRDA:66,5,0,2
BRDA:66,5,1,6
BRDA:76,6,0,1
BRDA:76,6,1,1
BRF:12
BRH:12
end_of_record
